<?xml version="1.0" encoding="UTF-8"?>
<testsuite xmlns:xsi="http://www.w3.org/2001/XMLSchema-instance" xsi:noNamespaceSchemaLocation="https://maven.apache.org/surefire/maven-surefire-plugin/xsd/surefire-test-report-3.0.xsd" version="3.0" name="com.example.TaskPro.TaskProApplicationTests" time="42.002" tests="1" errors="0" skipped="0" failures="0">
  <properties>
[...]
</properties>
  <testcase name="contextLoads" classname="com.example.TaskPro.TaskProApplicationTests" time="1.868">
    <system-out><![CDATA[19:19:34.455 [main] INFO org.springframework.test.context.support.AnnotationConfigContextLoaderUtils -- Could not detect default configuration classes for test class [com.example.TaskPro.TaskProApplicationTests]: TaskProApplicationTests does not declare any static, non-private, non-final, nested classes annotated with @Configuration.
19:19:34.841 [main] INFO org.springframework.boot.test.context.SpringBootTestContextBootstrapper -- Found @SpringBootConfiguration com.example.TaskPro.TaskProApplication for test class com.example.TaskPro.TaskProApplicationTests

  .   ____          _            __ _ _
 /\\ / ___'_ __ _ _(_)_ __  __ _ \ \ \ \
( ( )\___ | '_ | '_| | '_ \/ _` | \ \ \ \
 \\/  ___)| |_)| | | | | || (_| |  ) ) ) )
  '  |____| .__|_| |_|_| |_\__, | / / / /
 =========|_|==============|___/=/_/_/_/
 :: Spring Boot ::                (v3.2.0)

2024-01-12T19:19:36.582+03:00  INFO 27886 --- [           main] c.e.TaskPro.TaskProApplicationTests      : Starting TaskProApplicationTests using Java 17.0.8 with PID 27886 (started by dennis in /home/dennis/Documents/springBoot/TaskPro)
2024-01-12T19:19:36.588+03:00  INFO 27886 --- [           main] c.e.TaskPro.TaskProApplicationTests      : No active profile set, falling back to 1 default profile: "default"
2024-01-12T19:19:38.802+03:00  INFO 27886 --- [           main] .s.d.r.c.RepositoryConfigurationDelegate : Bootstrapping Spring Data JPA repositories in DEFAULT mode.
2024-01-12T19:19:39.010+03:00  INFO 27886 --- [           main] .s.d.r.c.RepositoryConfigurationDelegate : Finished Spring Data repository scanning in 183 ms. Found 5 JPA repository interfaces.
2024-01-12T19:19:40.187+03:00  INFO 27886 --- [           main] o.hibernate.jpa.internal.util.LogHelper  : HHH000204: Processing PersistenceUnitInfo [name: default]
2024-01-12T19:19:40.343+03:00  INFO 27886 --- [           main] org.hibernate.Version                    : HHH000412: Hibernate ORM core version 6.3.1.Final
2024-01-12T19:19:40.415+03:00  INFO 27886 --- [           main] o.h.c.internal.RegionFactoryInitiator    : HHH000026: Second-level cache disabled
2024-01-12T19:19:41.047+03:00  INFO 27886 --- [           main] o.s.o.j.p.SpringPersistenceUnitInfo      : No LoadTimeWeaver setup: ignoring JPA class transformer
2024-01-12T19:19:41.171+03:00  INFO 27886 --- [           main] com.zaxxer.hikari.HikariDataSource       : HikariPool-1 - Starting...
2024-01-12T19:19:50.773+03:00  INFO 27886 --- [           main] com.zaxxer.hikari.pool.HikariPool        : HikariPool-1 - Added connection org.postgresql.jdbc.PgConnection@4d20616a
2024-01-12T19:19:50.787+03:00  INFO 27886 --- [           main] com.zaxxer.hikari.HikariDataSource       : HikariPool-1 - Start completed.
2024-01-12T19:20:02.985+03:00  INFO 27886 --- [           main] o.h.e.t.j.p.i.JtaPlatformInitiator       : HHH000489: No JTA platform available (set 'hibernate.transaction.jta.platform' to enable JTA platform integration)
Hibernate: alter table if exists stage add column created_by integer
Hibernate: alter table if exists stage add column name varchar(255)
Hibernate: alter table if exists tasks add column id serial not null
Hibernate: alter table if exists tasks add column stage_id integer
Hibernate: create table user_tasks (task_id integer not null, user_id integer not null)
Hibernate: alter table if exists tasks add constraint FKe9np47oxwb7tdmfmyit7eow56 foreign key (stage_id) references stage
Hibernate: alter table if exists tasks_history add constraint FKqt2p0rj898ugrok0de220c4kq foreign key (task_id) references tasks
Hibernate: alter table if exists user_tasks add constraint FKsrpyfa9asu2ymkcqr7jol85o2 foreign key (user_id) references users
Hibernate: alter table if exists user_tasks add constraint FKd365e5kqm9ekl0dhslnnck8f7 foreign key (task_id) references tasks
2024-01-12T19:20:09.925+03:00  INFO 27886 --- [           main] j.LocalContainerEntityManagerFactoryBean : Initialized JPA EntityManagerFactory for persistence unit 'default'
2024-01-12T19:20:10.979+03:00  INFO 27886 --- [           main] o.s.d.j.r.query.QueryEnhancerFactory     : Hibernate is in classpath; If applicable, HQL parser will be used.
2024-01-12T19:20:12.150+03:00  WARN 27886 --- [           main] JpaBaseConfiguration$JpaWebConfiguration : spring.jpa.open-in-view is enabled by default. Therefore, database queries may be performed during view rendering. Explicitly configure spring.jpa.open-in-view to disable this warning
2024-01-12T19:20:13.008+03:00  INFO 27886 --- [           main] o.s.s.web.DefaultSecurityFilterChain     : Will secure any request with [org.springframework.security.web.session.DisableEncodeUrlFilter@10264cb0, org.springframework.security.web.context.request.async.WebAsyncManagerIntegrationFilter@19877453, org.springframework.security.web.context.SecurityContextHolderFilter@1a3e8b68, org.springframework.security.web.header.HeaderWriterFilter@75693526, org.springframework.web.filter.CorsFilter@49bf5ec8, org.springframework.security.web.authentication.logout.LogoutFilter@3bf4b018, com.example.TaskPro.Filter.JwtAuthFilter@315365ef, org.springframework.security.web.savedrequest.RequestCacheAwareFilter@fc6cac6, org.springframework.security.web.servletapi.SecurityContextHolderAwareRequestFilter@538d2308, org.springframework.security.web.authentication.AnonymousAuthenticationFilter@18174bd9, org.springframework.security.web.session.SessionManagementFilter@6414eb98, org.springframework.security.web.access.ExceptionTranslationFilter@30dd23e2, org.springframework.security.web.access.intercept.AuthorizationFilter@54fbaa65]
2024-01-12T19:20:13.945+03:00  INFO 27886 --- [           main] c.e.TaskPro.TaskProApplicationTests      : Started TaskProApplicationTests in 38.547 seconds (process running for 41.206)
]]></system-out>
  </testcase>
</testsuite>